<?xml version="1.0" encoding="UTF-8"?>
<testsuite name="ua.net.vmarchenko.v1.features.ToDoMVCTest" time="21.908" tests="3" errors="0" skipped="0" failures="3">
  <properties>
[...]
</properties>
  <testcase name="testReopenAtAll" classname="ua.net.vmarchenko.v1.features.ToDoMVCTest" time="21.908">
    <failure message="&#10;Actual: [a, b]&#10;Expected: [a]&#10;Collection: #todo-list&gt;li" type="com.codeborne.selenide.ex.TextsMismatch">com.codeborne.selenide.ex.TextsMismatch: 
Actual: [a, b]
Expected: [a]
Collection: #todo-list>li
	at com.codeborne.selenide.collections.ExactTexts.fail(ExactTexts.java:47)
	at com.codeborne.selenide.ElementsCollection.waitUntil(ElementsCollection.java:106)
	at com.codeborne.selenide.ElementsCollection.should(ElementsCollection.java:56)
	at com.codeborne.selenide.ElementsCollection.shouldHave(ElementsCollection.java:49)
	at ua.net.vmarchenko.v1.features.ToDoMVCTest.assertTasks(ToDoMVCTest.java:202)
	at ua.net.vmarchenko.v1.features.ToDoMVCTest.testReopenAtAll(ToDoMVCTest.java:73)
</failure>
    <system-err><![CDATA[??? 23, 2016 11:13:04 AM com.codeborne.selenide.impl.WebDriverThreadLocalContainer getWebDriver
INFO: No webdriver is bound to current thread: 1 - let's create new webdriver
??? 23, 2016 11:13:14 AM com.codeborne.selenide.webdriver.WebDriverFactory createWebDriver
INFO: BrowserName=firefox Version=43.0.1 Platform=WINDOWS
??? 23, 2016 11:13:14 AM com.codeborne.selenide.webdriver.WebDriverFactory createWebDriver
INFO: Selenide v. 3.5.1
??? 23, 2016 11:13:14 AM com.codeborne.selenide.webdriver.WebDriverFactory createWebDriver
INFO: Selenium WebDriver v. 2.53.0 build time: 2016-03-15 10:43:46
??? 23, 2016 11:13:14 AM com.codeborne.selenide.impl.WebDriverThreadLocalContainer createDriver
INFO: Create webdriver in current thread 1: FirefoxDriver -> FirefoxDriver: firefox on WINDOWS (b016e934-26e0-49b8-bdd3-660014d5c87e)
]]></system-err>
  </testcase>
  <testcase name="testReopenAtAll" classname="ua.net.vmarchenko.v1.features.ToDoMVCTest" time="7.583">
    <failure message="&#10;Actual: [a, b]&#10;Expected: [a]&#10;Collection: #todo-list&gt;li" type="com.codeborne.selenide.ex.TextsMismatch">com.codeborne.selenide.ex.TextsMismatch: 
Actual: [a, b]
Expected: [a]
Collection: #todo-list>li
	at com.codeborne.selenide.collections.ExactTexts.fail(ExactTexts.java:47)
	at com.codeborne.selenide.ElementsCollection.waitUntil(ElementsCollection.java:106)
	at com.codeborne.selenide.ElementsCollection.should(ElementsCollection.java:56)
	at com.codeborne.selenide.ElementsCollection.shouldHave(ElementsCollection.java:49)
	at ua.net.vmarchenko.v1.features.ToDoMVCTest.assertTasks(ToDoMVCTest.java:202)
	at ua.net.vmarchenko.v1.features.ToDoMVCTest.testReopenAtAll(ToDoMVCTest.java:73)
</failure>
  </testcase>
  <testcase name="testReopenAtAll" classname="ua.net.vmarchenko.v1.features.ToDoMVCTest" time="7.414">
    <failure message="&#10;Actual: [a, b]&#10;Expected: [a]&#10;Collection: #todo-list&gt;li" type="com.codeborne.selenide.ex.TextsMismatch">com.codeborne.selenide.ex.TextsMismatch: 
Actual: [a, b]
Expected: [a]
Collection: #todo-list>li
	at com.codeborne.selenide.collections.ExactTexts.fail(ExactTexts.java:47)
	at com.codeborne.selenide.ElementsCollection.waitUntil(ElementsCollection.java:106)
	at com.codeborne.selenide.ElementsCollection.should(ElementsCollection.java:56)
	at com.codeborne.selenide.ElementsCollection.shouldHave(ElementsCollection.java:49)
	at ua.net.vmarchenko.v1.features.ToDoMVCTest.assertTasks(ToDoMVCTest.java:202)
	at ua.net.vmarchenko.v1.features.ToDoMVCTest.testReopenAtAll(ToDoMVCTest.java:73)
</failure>
  </testcase>
</testsuite>