-------------------------------------------------------------------------------
Test set: ua.net.vmarchenko.v1.features.ToDoMVCTest
-------------------------------------------------------------------------------
Tests run: 3, Failures: 3, Errors: 0, Skipped: 0, Time elapsed: 36.929 sec <<< FAILURE! - in ua.net.vmarchenko.v1.features.ToDoMVCTest
testReopenAtAll(ua.net.vmarchenko.v1.features.ToDoMVCTest)  Time elapsed: 21.908 sec  <<< FAILURE!
com.codeborne.selenide.ex.TextsMismatch: 
Actual: [a, b]
Expected: [a]
Collection: #todo-list>li
	at com.codeborne.selenide.collections.ExactTexts.fail(ExactTexts.java:47)
	at com.codeborne.selenide.ElementsCollection.waitUntil(ElementsCollection.java:106)
	at com.codeborne.selenide.ElementsCollection.should(ElementsCollection.java:56)
	at com.codeborne.selenide.ElementsCollection.shouldHave(ElementsCollection.java:49)
	at ua.net.vmarchenko.v1.features.ToDoMVCTest.assertTasks(ToDoMVCTest.java:202)
	at ua.net.vmarchenko.v1.features.ToDoMVCTest.testReopenAtAll(ToDoMVCTest.java:73)

testReopenAtAll(ua.net.vmarchenko.v1.features.ToDoMVCTest)  Time elapsed: 7.583 sec  <<< FAILURE!
com.codeborne.selenide.ex.TextsMismatch: 
Actual: [a, b]
Expected: [a]
Collection: #todo-list>li
	at com.codeborne.selenide.collections.ExactTexts.fail(ExactTexts.java:47)
	at com.codeborne.selenide.ElementsCollection.waitUntil(ElementsCollection.java:106)
	at com.codeborne.selenide.ElementsCollection.should(ElementsCollection.java:56)
	at com.codeborne.selenide.ElementsCollection.shouldHave(ElementsCollection.java:49)
	at ua.net.vmarchenko.v1.features.ToDoMVCTest.assertTasks(ToDoMVCTest.java:202)
	at ua.net.vmarchenko.v1.features.ToDoMVCTest.testReopenAtAll(ToDoMVCTest.java:73)

testReopenAtAll(ua.net.vmarchenko.v1.features.ToDoMVCTest)  Time elapsed: 7.414 sec  <<< FAILURE!
com.codeborne.selenide.ex.TextsMismatch: 
Actual: [a, b]
Expected: [a]
Collection: #todo-list>li
	at com.codeborne.selenide.collections.ExactTexts.fail(ExactTexts.java:47)
	at com.codeborne.selenide.ElementsCollection.waitUntil(ElementsCollection.java:106)
	at com.codeborne.selenide.ElementsCollection.should(ElementsCollection.java:56)
	at com.codeborne.selenide.ElementsCollection.shouldHave(ElementsCollection.java:49)
	at ua.net.vmarchenko.v1.features.ToDoMVCTest.assertTasks(ToDoMVCTest.java:202)
	at ua.net.vmarchenko.v1.features.ToDoMVCTest.testReopenAtAll(ToDoMVCTest.java:73)

